2023-06-28 20:08:54,762 INFO start app
2023-06-28 20:08:54,919 INFO OK request url: https://ilibrary.ru/text/1/p.1/index.html
2023-06-28 20:08:55,353 INFO OK request url: https://ilibrary.ru/text/1/p.2/index.html
2023-06-28 20:08:55,708 INFO OK request url: https://ilibrary.ru/text/1/p.3/index.html
2023-06-28 20:08:56,054 INFO OK request url: https://ilibrary.ru/text/1/p.4/index.html
2023-06-28 20:08:56,399 INFO OK request url: https://ilibrary.ru/text/1/p.5/index.html
2023-06-28 20:08:56,740 INFO OK request url: https://ilibrary.ru/text/1/p.6/index.html
2023-06-28 20:08:57,088 INFO OK request url: https://ilibrary.ru/text/1/p.7/index.html
2023-06-28 20:08:57,440 INFO OK request url: https://ilibrary.ru/text/1/p.8/index.html
2023-06-28 20:08:57,793 INFO OK request url: https://ilibrary.ru/text/1/p.9/index.html
2023-06-28 20:08:58,238 INFO OK request url: https://ilibrary.ru/text/1/p.10/index.html
2023-06-28 20:08:58,580 INFO OK request url: https://ilibrary.ru/text/1/p.11/index.html
2023-06-28 20:08:58,923 INFO Invalid url: https://ilibrary.ru/text/1/p.12/index.html
2023-06-28 20:08:58,923 INFO File saved successfully
2023-06-28 20:08:59,063 INFO OK request url: https://ilibrary.ru/text/2/p.1/index.html
2023-06-28 20:08:59,528 INFO Invalid url: https://ilibrary.ru/text/2/p.2/index.html
2023-06-28 20:08:59,528 INFO File saved successfully
2023-06-28 20:08:59,752 INFO OK request url: https://ilibrary.ru/text/3/p.1/index.html
2023-06-28 20:09:00,114 INFO Invalid url: https://ilibrary.ru/text/3/p.2/index.html
2023-06-28 20:09:00,114 INFO File saved successfully
2023-06-28 20:09:00,252 INFO OK request url: https://ilibrary.ru/text/4/p.1/index.html
2023-06-28 20:09:00,588 INFO Invalid url: https://ilibrary.ru/text/4/p.2/index.html
2023-06-28 20:09:00,588 INFO File saved successfully
2023-06-28 20:09:00,866 INFO OK request url: https://ilibrary.ru/text/5/p.1/index.html
2023-06-28 20:09:01,372 INFO OK request url: https://ilibrary.ru/text/5/p.2/index.html
2023-06-28 20:09:01,890 INFO OK request url: https://ilibrary.ru/text/5/p.3/index.html
2023-06-28 20:09:02,447 INFO OK request url: https://ilibrary.ru/text/5/p.4/index.html
2023-06-28 20:09:02,947 INFO Invalid url: https://ilibrary.ru/text/5/p.5/index.html
2023-06-28 20:09:02,947 INFO File saved successfully
2023-06-28 20:09:03,227 INFO OK request url: https://ilibrary.ru/text/6/p.1/index.html
2023-06-28 20:09:03,650 INFO OK request url: https://ilibrary.ru/text/6/p.2/index.html
2023-06-28 20:09:04,005 INFO OK request url: https://ilibrary.ru/text/6/p.3/index.html
2023-06-28 20:09:04,371 INFO OK request url: https://ilibrary.ru/text/6/p.4/index.html
2023-06-28 20:09:04,717 INFO OK request url: https://ilibrary.ru/text/6/p.5/index.html
2023-06-28 20:09:05,065 INFO OK request url: https://ilibrary.ru/text/6/p.6/index.html
2023-06-28 20:09:05,450 INFO OK request url: https://ilibrary.ru/text/6/p.7/index.html
2023-06-28 20:09:05,816 INFO OK request url: https://ilibrary.ru/text/6/p.8/index.html
2023-06-28 20:09:06,215 INFO OK request url: https://ilibrary.ru/text/6/p.9/index.html
2023-06-28 20:09:06,606 INFO OK request url: https://ilibrary.ru/text/6/p.10/index.html
2023-06-28 20:09:07,058 INFO OK request url: https://ilibrary.ru/text/6/p.11/index.html
2023-06-28 20:09:07,487 INFO OK request url: https://ilibrary.ru/text/6/p.12/index.html
2023-06-28 20:09:07,879 INFO OK request url: https://ilibrary.ru/text/6/p.13/index.html
2023-06-28 20:09:08,348 INFO OK request url: https://ilibrary.ru/text/6/p.14/index.html
2023-06-28 20:09:08,719 INFO OK request url: https://ilibrary.ru/text/6/p.15/index.html
2023-06-28 20:09:09,069 INFO OK request url: https://ilibrary.ru/text/6/p.16/index.html
2023-06-28 20:09:09,430 INFO OK request url: https://ilibrary.ru/text/6/p.17/index.html
2023-06-28 20:09:09,906 INFO OK request url: https://ilibrary.ru/text/6/p.18/index.html
2023-06-28 20:09:10,286 INFO OK request url: https://ilibrary.ru/text/6/p.19/index.html
2023-06-28 20:09:10,640 INFO OK request url: https://ilibrary.ru/text/6/p.20/index.html
2023-06-28 20:09:11,158 INFO Invalid url: https://ilibrary.ru/text/6/p.21/index.html
2023-06-28 20:09:11,159 INFO File saved successfully
2023-06-28 20:09:11,322 INFO OK request url: https://ilibrary.ru/text/7/p.1/index.html
2023-06-28 20:09:11,695 INFO OK request url: https://ilibrary.ru/text/7/p.2/index.html
2023-06-28 20:09:12,049 INFO OK request url: https://ilibrary.ru/text/7/p.3/index.html
2023-06-28 20:09:12,411 INFO OK request url: https://ilibrary.ru/text/7/p.4/index.html
2023-06-28 20:09:12,751 INFO OK request url: https://ilibrary.ru/text/7/p.5/index.html
2023-06-28 20:09:13,184 INFO OK request url: https://ilibrary.ru/text/7/p.6/index.html
2023-06-28 20:09:13,540 INFO OK request url: https://ilibrary.ru/text/7/p.7/index.html
2023-06-28 20:09:13,890 INFO OK request url: https://ilibrary.ru/text/7/p.8/index.html
2023-06-28 20:09:14,247 INFO OK request url: https://ilibrary.ru/text/7/p.9/index.html
2023-06-28 20:09:14,584 INFO OK request url: https://ilibrary.ru/text/7/p.10/index.html
2023-06-28 20:09:14,949 INFO OK request url: https://ilibrary.ru/text/7/p.11/index.html
2023-06-28 20:09:15,298 INFO OK request url: https://ilibrary.ru/text/7/p.12/index.html
2023-06-28 20:09:15,637 INFO Invalid url: https://ilibrary.ru/text/7/p.13/index.html
2023-06-28 20:09:15,637 INFO File saved successfully
2023-06-28 20:09:15,773 INFO OK request url: https://ilibrary.ru/text/8/p.1/index.html
2023-06-28 20:09:16,110 INFO OK request url: https://ilibrary.ru/text/8/p.2/index.html
2023-06-28 20:09:16,464 INFO OK request url: https://ilibrary.ru/text/8/p.3/index.html
2023-06-28 20:09:16,805 INFO OK request url: https://ilibrary.ru/text/8/p.4/index.html
2023-06-28 20:09:17,303 INFO OK request url: https://ilibrary.ru/text/8/p.5/index.html
2023-06-28 20:09:17,647 INFO OK request url: https://ilibrary.ru/text/8/p.6/index.html
2023-06-28 20:09:18,141 INFO OK request url: https://ilibrary.ru/text/8/p.7/index.html
2023-06-28 20:09:18,539 INFO OK request url: https://ilibrary.ru/text/8/p.8/index.html
2023-06-28 20:09:19,004 INFO Invalid url: https://ilibrary.ru/text/8/p.9/index.html
2023-06-28 20:09:19,004 INFO File saved successfully
2023-06-28 20:09:19,258 INFO OK request url: https://ilibrary.ru/text/9/p.1/index.html
2023-06-28 20:09:19,599 INFO OK request url: https://ilibrary.ru/text/9/p.2/index.html
2023-06-28 20:09:19,968 INFO OK request url: https://ilibrary.ru/text/9/p.3/index.html
2023-06-28 20:09:20,316 INFO OK request url: https://ilibrary.ru/text/9/p.4/index.html
2023-06-28 20:09:20,653 INFO OK request url: https://ilibrary.ru/text/9/p.5/index.html
2023-06-28 20:09:21,104 INFO OK request url: https://ilibrary.ru/text/9/p.6/index.html
2023-06-28 20:09:21,469 INFO OK request url: https://ilibrary.ru/text/9/p.7/index.html
2023-06-28 20:09:21,832 INFO OK request url: https://ilibrary.ru/text/9/p.8/index.html
2023-06-28 20:09:22,262 INFO OK request url: https://ilibrary.ru/text/9/p.9/index.html
2023-06-28 20:09:22,597 INFO OK request url: https://ilibrary.ru/text/9/p.10/index.html
2023-06-28 20:09:22,951 INFO OK request url: https://ilibrary.ru/text/9/p.11/index.html
2023-06-28 20:09:23,328 INFO OK request url: https://ilibrary.ru/text/9/p.12/index.html
2023-06-28 20:09:23,785 INFO OK request url: https://ilibrary.ru/text/9/p.13/index.html
2023-06-28 20:09:24,167 INFO OK request url: https://ilibrary.ru/text/9/p.14/index.html
2023-06-28 20:09:24,570 INFO OK request url: https://ilibrary.ru/text/9/p.15/index.html
2023-06-28 20:09:24,920 INFO OK request url: https://ilibrary.ru/text/9/p.16/index.html
2023-06-28 20:09:25,295 INFO OK request url: https://ilibrary.ru/text/9/p.17/index.html
2023-06-28 20:09:25,755 INFO OK request url: https://ilibrary.ru/text/9/p.18/index.html
2023-06-28 20:09:26,134 INFO OK request url: https://ilibrary.ru/text/9/p.19/index.html
2023-06-28 20:09:26,507 INFO OK request url: https://ilibrary.ru/text/9/p.20/index.html
2023-06-28 20:09:26,868 INFO OK request url: https://ilibrary.ru/text/9/p.21/index.html
2023-06-28 20:09:27,307 INFO Invalid url: https://ilibrary.ru/text/9/p.22/index.html
2023-06-28 20:09:27,307 INFO File saved successfully
2023-06-28 20:09:27,441 INFO OK request url: https://ilibrary.ru/text/10/p.1/index.html
2023-06-28 20:09:27,804 INFO OK request url: https://ilibrary.ru/text/10/p.2/index.html
2023-06-28 20:09:28,160 INFO OK request url: https://ilibrary.ru/text/10/p.3/index.html
2023-06-28 20:09:28,615 INFO OK request url: https://ilibrary.ru/text/10/p.4/index.html
2023-06-28 20:09:29,065 INFO OK request url: https://ilibrary.ru/text/10/p.5/index.html
2023-06-28 20:09:29,429 INFO OK request url: https://ilibrary.ru/text/10/p.6/index.html
2023-06-28 20:09:29,875 INFO OK request url: https://ilibrary.ru/text/10/p.7/index.html
2023-06-28 20:09:30,294 INFO OK request url: https://ilibrary.ru/text/10/p.8/index.html
2023-06-28 20:09:30,744 INFO OK request url: https://ilibrary.ru/text/10/p.9/index.html
2023-06-28 20:09:31,085 INFO OK request url: https://ilibrary.ru/text/10/p.10/index.html
2023-06-28 20:09:31,441 INFO Invalid url: https://ilibrary.ru/text/10/p.11/index.html
2023-06-28 20:09:31,441 INFO File saved successfully
2023-06-28 20:09:31,611 INFO OK request url: https://ilibrary.ru/text/11/p.1/index.html
2023-06-28 20:09:31,954 INFO OK request url: https://ilibrary.ru/text/11/p.2/index.html
2023-06-28 20:09:32,293 INFO OK request url: https://ilibrary.ru/text/11/p.3/index.html
2023-06-28 20:09:32,701 INFO OK request url: https://ilibrary.ru/text/11/p.4/index.html
2023-06-28 20:09:33,151 INFO OK request url: https://ilibrary.ru/text/11/p.5/index.html
2023-06-28 20:09:33,528 INFO OK request url: https://ilibrary.ru/text/11/p.6/index.html
2023-06-28 20:09:33,910 INFO OK request url: https://ilibrary.ru/text/11/p.7/index.html
2023-06-28 20:09:34,270 INFO OK request url: https://ilibrary.ru/text/11/p.8/index.html
2023-06-28 20:09:34,618 INFO OK request url: https://ilibrary.ru/text/11/p.9/index.html
2023-06-28 20:09:34,967 INFO OK request url: https://ilibrary.ru/text/11/p.10/index.html
2023-06-28 20:09:35,299 INFO OK request url: https://ilibrary.ru/text/11/p.11/index.html
2023-06-28 20:09:35,640 INFO OK request url: https://ilibrary.ru/text/11/p.12/index.html
2023-06-28 20:09:35,989 INFO OK request url: https://ilibrary.ru/text/11/p.13/index.html
2023-06-28 20:09:36,336 INFO OK request url: https://ilibrary.ru/text/11/p.14/index.html
2023-06-28 20:09:36,741 INFO OK request url: https://ilibrary.ru/text/11/p.15/index.html
2023-06-28 20:09:37,170 INFO OK request url: https://ilibrary.ru/text/11/p.16/index.html
2023-06-28 20:09:37,527 INFO OK request url: https://ilibrary.ru/text/11/p.17/index.html
2023-06-28 20:09:37,915 INFO OK request url: https://ilibrary.ru/text/11/p.18/index.html
2023-06-28 20:09:38,377 INFO OK request url: https://ilibrary.ru/text/11/p.19/index.html
2023-06-28 20:09:38,732 INFO OK request url: https://ilibrary.ru/text/11/p.20/index.html
2023-06-28 20:09:39,093 INFO OK request url: https://ilibrary.ru/text/11/p.21/index.html
2023-06-28 20:09:39,481 INFO OK request url: https://ilibrary.ru/text/11/p.22/index.html
2023-06-28 20:09:39,935 INFO OK request url: https://ilibrary.ru/text/11/p.23/index.html
2023-06-28 20:09:40,370 INFO OK request url: https://ilibrary.ru/text/11/p.24/index.html
2023-06-28 20:09:40,756 INFO OK request url: https://ilibrary.ru/text/11/p.25/index.html
2023-06-28 20:09:41,106 INFO OK request url: https://ilibrary.ru/text/11/p.26/index.html
2023-06-28 20:09:41,484 INFO OK request url: https://ilibrary.ru/text/11/p.27/index.html
2023-06-28 20:09:41,872 INFO OK request url: https://ilibrary.ru/text/11/p.28/index.html
2023-06-28 20:09:42,356 INFO OK request url: https://ilibrary.ru/text/11/p.29/index.html
2023-06-28 20:09:42,724 INFO OK request url: https://ilibrary.ru/text/11/p.30/index.html
2023-06-28 20:09:43,072 INFO OK request url: https://ilibrary.ru/text/11/p.31/index.html
2023-06-28 20:09:43,505 INFO OK request url: https://ilibrary.ru/text/11/p.32/index.html
2023-06-28 20:09:43,890 INFO OK request url: https://ilibrary.ru/text/11/p.33/index.html
2023-06-28 20:09:44,237 INFO OK request url: https://ilibrary.ru/text/11/p.34/index.html
2023-06-28 20:09:44,604 INFO OK request url: https://ilibrary.ru/text/11/p.35/index.html
2023-06-28 20:09:44,951 INFO OK request url: https://ilibrary.ru/text/11/p.36/index.html
2023-06-28 20:09:45,296 INFO OK request url: https://ilibrary.ru/text/11/p.37/index.html
2023-06-28 20:09:45,672 INFO OK request url: https://ilibrary.ru/text/11/p.38/index.html
2023-06-28 20:09:46,022 INFO OK request url: https://ilibrary.ru/text/11/p.39/index.html
2023-06-28 20:09:46,459 INFO OK request url: https://ilibrary.ru/text/11/p.40/index.html
2023-06-28 20:09:46,839 INFO OK request url: https://ilibrary.ru/text/11/p.41/index.html
2023-06-28 20:09:47,209 INFO OK request url: https://ilibrary.ru/text/11/p.42/index.html
2023-06-28 20:09:47,551 INFO OK request url: https://ilibrary.ru/text/11/p.43/index.html
2023-06-28 20:09:47,919 INFO OK request url: https://ilibrary.ru/text/11/p.44/index.html
2023-06-28 20:09:48,258 INFO OK request url: https://ilibrary.ru/text/11/p.45/index.html
2023-06-28 20:09:48,642 INFO OK request url: https://ilibrary.ru/text/11/p.46/index.html
2023-06-28 20:09:49,144 INFO OK request url: https://ilibrary.ru/text/11/p.47/index.html
2023-06-28 20:09:49,649 INFO OK request url: https://ilibrary.ru/text/11/p.48/index.html
2023-06-28 20:09:50,036 INFO OK request url: https://ilibrary.ru/text/11/p.49/index.html
2023-06-28 20:09:50,423 INFO OK request url: https://ilibrary.ru/text/11/p.50/index.html
2023-06-28 20:09:50,787 INFO OK request url: https://ilibrary.ru/text/11/p.51/index.html
2023-06-28 20:09:51,213 INFO OK request url: https://ilibrary.ru/text/11/p.52/index.html
2023-06-28 20:09:51,712 INFO OK request url: https://ilibrary.ru/text/11/p.53/index.html
2023-06-28 20:09:52,080 INFO OK request url: https://ilibrary.ru/text/11/p.54/index.html
2023-06-28 20:09:52,527 INFO OK request url: https://ilibrary.ru/text/11/p.55/index.html
2023-06-28 20:09:52,982 INFO OK request url: https://ilibrary.ru/text/11/p.56/index.html
2023-06-28 20:09:53,322 INFO OK request url: https://ilibrary.ru/text/11/p.57/index.html
2023-06-28 20:09:53,700 INFO OK request url: https://ilibrary.ru/text/11/p.58/index.html
2023-06-28 20:09:54,074 INFO OK request url: https://ilibrary.ru/text/11/p.59/index.html
2023-06-28 20:09:54,439 INFO OK request url: https://ilibrary.ru/text/11/p.60/index.html
2023-06-28 20:09:54,838 INFO OK request url: https://ilibrary.ru/text/11/p.61/index.html
2023-06-28 20:09:55,199 INFO OK request url: https://ilibrary.ru/text/11/p.62/index.html
2023-06-28 20:09:55,661 INFO OK request url: https://ilibrary.ru/text/11/p.63/index.html
2023-06-28 20:09:56,006 INFO OK request url: https://ilibrary.ru/text/11/p.64/index.html
2023-06-28 20:09:56,359 INFO OK request url: https://ilibrary.ru/text/11/p.65/index.html
2023-06-28 20:09:56,851 INFO OK request url: https://ilibrary.ru/text/11/p.66/index.html
2023-06-28 20:09:57,288 INFO OK request url: https://ilibrary.ru/text/11/p.67/index.html
2023-06-28 20:09:57,651 INFO OK request url: https://ilibrary.ru/text/11/p.68/index.html
2023-06-28 20:09:58,019 INFO OK request url: https://ilibrary.ru/text/11/p.69/index.html
2023-06-28 20:09:58,474 INFO OK request url: https://ilibrary.ru/text/11/p.70/index.html
2023-06-28 20:09:58,820 INFO OK request url: https://ilibrary.ru/text/11/p.71/index.html
2023-06-28 20:09:59,190 INFO OK request url: https://ilibrary.ru/text/11/p.72/index.html
2023-06-28 20:09:59,627 INFO OK request url: https://ilibrary.ru/text/11/p.73/index.html
2023-06-28 20:10:00,075 INFO OK request url: https://ilibrary.ru/text/11/p.74/index.html
2023-06-28 20:10:00,417 INFO OK request url: https://ilibrary.ru/text/11/p.75/index.html
2023-06-28 20:10:00,774 INFO OK request url: https://ilibrary.ru/text/11/p.76/index.html
2023-06-28 20:10:01,206 INFO OK request url: https://ilibrary.ru/text/11/p.77/index.html
2023-06-28 20:10:01,573 INFO OK request url: https://ilibrary.ru/text/11/p.78/index.html
2023-06-28 20:10:01,987 INFO OK request url: https://ilibrary.ru/text/11/p.79/index.html
2023-06-28 20:10:02,629 INFO OK request url: https://ilibrary.ru/text/11/p.80/index.html
2023-06-28 20:10:03,074 INFO OK request url: https://ilibrary.ru/text/11/p.81/index.html
2023-06-28 20:10:03,424 INFO OK request url: https://ilibrary.ru/text/11/p.82/index.html
2023-06-28 20:10:03,861 INFO OK request url: https://ilibrary.ru/text/11/p.83/index.html
2023-06-28 20:10:04,242 INFO OK request url: https://ilibrary.ru/text/11/p.84/index.html
2023-06-28 20:10:04,668 INFO OK request url: https://ilibrary.ru/text/11/p.85/index.html
2023-06-28 20:10:05,118 INFO OK request url: https://ilibrary.ru/text/11/p.86/index.html
2023-06-28 20:10:05,481 INFO OK request url: https://ilibrary.ru/text/11/p.87/index.html
2023-06-28 20:10:05,838 INFO OK request url: https://ilibrary.ru/text/11/p.88/index.html
2023-06-28 20:10:06,280 INFO OK request url: https://ilibrary.ru/text/11/p.89/index.html
2023-06-28 20:10:06,683 INFO OK request url: https://ilibrary.ru/text/11/p.90/index.html
2023-06-28 20:10:07,043 INFO OK request url: https://ilibrary.ru/text/11/p.91/index.html
2023-06-28 20:10:07,416 INFO OK request url: https://ilibrary.ru/text/11/p.92/index.html
2023-06-28 20:10:07,863 INFO OK request url: https://ilibrary.ru/text/11/p.93/index.html
2023-06-28 20:10:08,210 INFO OK request url: https://ilibrary.ru/text/11/p.94/index.html
2023-06-28 20:10:08,572 INFO OK request url: https://ilibrary.ru/text/11/p.95/index.html
2023-06-28 20:10:08,937 INFO OK request url: https://ilibrary.ru/text/11/p.96/index.html
2023-06-28 20:10:09,379 INFO OK request url: https://ilibrary.ru/text/11/p.97/index.html
2023-06-28 20:10:09,761 INFO OK request url: https://ilibrary.ru/text/11/p.98/index.html
2023-06-28 20:10:10,682 INFO OK request url: https://ilibrary.ru/text/11/p.99/index.html
2023-06-28 20:10:11,488 INFO OK request url: https://ilibrary.ru/text/11/p.100/index.html
2023-06-28 20:10:11,830 INFO OK request url: https://ilibrary.ru/text/11/p.101/index.html
2023-06-28 20:10:12,194 INFO OK request url: https://ilibrary.ru/text/11/p.102/index.html
2023-06-28 20:10:12,649 INFO OK request url: https://ilibrary.ru/text/11/p.103/index.html
2023-06-28 20:10:12,986 INFO OK request url: https://ilibrary.ru/text/11/p.104/index.html
2023-06-28 20:10:13,412 INFO OK request url: https://ilibrary.ru/text/11/p.105/index.html
2023-06-28 20:10:13,758 INFO OK request url: https://ilibrary.ru/text/11/p.106/index.html
2023-06-28 20:10:14,110 INFO OK request url: https://ilibrary.ru/text/11/p.107/index.html
2023-06-28 20:10:14,560 INFO OK request url: https://ilibrary.ru/text/11/p.108/index.html
2023-06-28 20:10:14,928 INFO OK request url: https://ilibrary.ru/text/11/p.109/index.html
2023-06-28 20:10:15,272 INFO OK request url: https://ilibrary.ru/text/11/p.110/index.html
2023-06-28 20:10:15,631 INFO OK request url: https://ilibrary.ru/text/11/p.111/index.html
2023-06-28 20:10:16,011 INFO OK request url: https://ilibrary.ru/text/11/p.112/index.html
2023-06-28 20:10:16,457 INFO OK request url: https://ilibrary.ru/text/11/p.113/index.html
2023-06-28 20:10:16,831 INFO OK request url: https://ilibrary.ru/text/11/p.114/index.html
2023-06-28 20:10:17,203 INFO OK request url: https://ilibrary.ru/text/11/p.115/index.html
2023-06-28 20:10:17,550 INFO OK request url: https://ilibrary.ru/text/11/p.116/index.html
2023-06-28 20:10:17,886 INFO OK request url: https://ilibrary.ru/text/11/p.117/index.html
2023-06-28 20:10:18,248 INFO OK request url: https://ilibrary.ru/text/11/p.118/index.html
2023-06-28 20:10:18,691 INFO OK request url: https://ilibrary.ru/text/11/p.119/index.html
2023-06-28 20:10:19,045 INFO OK request url: https://ilibrary.ru/text/11/p.120/index.html
2023-06-28 20:10:19,390 INFO OK request url: https://ilibrary.ru/text/11/p.121/index.html
2023-06-28 20:10:19,747 INFO OK request url: https://ilibrary.ru/text/11/p.122/index.html
2023-06-28 20:10:20,102 INFO OK request url: https://ilibrary.ru/text/11/p.123/index.html
2023-06-28 20:10:20,528 INFO OK request url: https://ilibrary.ru/text/11/p.124/index.html
2023-06-28 20:10:20,874 INFO OK request url: https://ilibrary.ru/text/11/p.125/index.html
2023-06-28 20:10:21,332 INFO OK request url: https://ilibrary.ru/text/11/p.126/index.html
2023-06-28 20:10:21,786 INFO OK request url: https://ilibrary.ru/text/11/p.127/index.html
2023-06-28 20:10:22,237 INFO OK request url: https://ilibrary.ru/text/11/p.128/index.html
2023-06-28 20:10:22,580 INFO OK request url: https://ilibrary.ru/text/11/p.129/index.html
2023-06-28 20:10:22,941 INFO OK request url: https://ilibrary.ru/text/11/p.130/index.html
2023-06-28 20:10:23,284 INFO OK request url: https://ilibrary.ru/text/11/p.131/index.html
2023-06-28 20:10:23,650 INFO OK request url: https://ilibrary.ru/text/11/p.132/index.html
2023-06-28 20:10:24,010 INFO OK request url: https://ilibrary.ru/text/11/p.133/index.html
2023-06-28 20:10:24,443 INFO OK request url: https://ilibrary.ru/text/11/p.134/index.html
2023-06-28 20:10:24,834 INFO OK request url: https://ilibrary.ru/text/11/p.135/index.html
2023-06-28 20:10:25,189 INFO OK request url: https://ilibrary.ru/text/11/p.136/index.html
2023-06-28 20:10:25,524 INFO OK request url: https://ilibrary.ru/text/11/p.137/index.html
2023-06-28 20:10:25,910 INFO OK request url: https://ilibrary.ru/text/11/p.138/index.html
2023-06-28 20:10:26,365 INFO OK request url: https://ilibrary.ru/text/11/p.139/index.html
2023-06-28 20:10:26,718 INFO OK request url: https://ilibrary.ru/text/11/p.140/index.html
2023-06-28 20:10:27,083 INFO OK request url: https://ilibrary.ru/text/11/p.141/index.html
2023-06-28 20:10:27,558 INFO OK request url: https://ilibrary.ru/text/11/p.142/index.html
2023-06-28 20:10:27,902 INFO OK request url: https://ilibrary.ru/text/11/p.143/index.html
2023-06-28 20:10:28,259 INFO OK request url: https://ilibrary.ru/text/11/p.144/index.html
2023-06-28 20:10:28,693 INFO OK request url: https://ilibrary.ru/text/11/p.145/index.html
2023-06-28 20:10:29,048 INFO OK request url: https://ilibrary.ru/text/11/p.146/index.html
2023-06-28 20:10:29,405 INFO OK request url: https://ilibrary.ru/text/11/p.147/index.html
2023-06-28 20:10:29,765 INFO OK request url: https://ilibrary.ru/text/11/p.148/index.html
2023-06-28 20:10:30,105 INFO OK request url: https://ilibrary.ru/text/11/p.149/index.html
2023-06-28 20:10:30,523 INFO OK request url: https://ilibrary.ru/text/11/p.150/index.html
2023-06-28 20:10:30,906 INFO OK request url: https://ilibrary.ru/text/11/p.151/index.html
2023-06-28 20:10:31,277 INFO OK request url: https://ilibrary.ru/text/11/p.152/index.html
2023-06-28 20:10:31,703 INFO OK request url: https://ilibrary.ru/text/11/p.153/index.html
2023-06-28 20:10:32,061 INFO OK request url: https://ilibrary.ru/text/11/p.154/index.html
2023-06-28 20:10:32,418 INFO OK request url: https://ilibrary.ru/text/11/p.155/index.html
2023-06-28 20:10:32,758 INFO OK request url: https://ilibrary.ru/text/11/p.156/index.html
2023-06-28 20:10:33,124 INFO OK request url: https://ilibrary.ru/text/11/p.157/index.html
2023-06-28 20:10:33,579 INFO OK request url: https://ilibrary.ru/text/11/p.158/index.html
2023-06-28 20:10:33,922 INFO OK request url: https://ilibrary.ru/text/11/p.159/index.html
2023-06-28 20:10:34,266 INFO OK request url: https://ilibrary.ru/text/11/p.160/index.html
2023-06-28 20:10:34,690 INFO OK request url: https://ilibrary.ru/text/11/p.161/index.html
2023-06-28 20:10:35,024 INFO OK request url: https://ilibrary.ru/text/11/p.162/index.html
2023-06-28 20:10:35,373 INFO OK request url: https://ilibrary.ru/text/11/p.163/index.html
2023-06-28 20:10:35,704 INFO OK request url: https://ilibrary.ru/text/11/p.164/index.html
2023-06-28 20:10:36,063 INFO OK request url: https://ilibrary.ru/text/11/p.165/index.html
2023-06-28 20:10:36,404 INFO OK request url: https://ilibrary.ru/text/11/p.166/index.html
2023-06-28 20:10:36,848 INFO OK request url: https://ilibrary.ru/text/11/p.167/index.html
2023-06-28 20:10:37,291 INFO OK request url: https://ilibrary.ru/text/11/p.168/index.html
2023-06-28 20:10:37,680 INFO OK request url: https://ilibrary.ru/text/11/p.169/index.html
2023-06-28 20:10:38,062 INFO OK request url: https://ilibrary.ru/text/11/p.170/index.html
2023-06-28 20:10:38,423 INFO OK request url: https://ilibrary.ru/text/11/p.171/index.html
2023-06-28 20:10:38,796 INFO OK request url: https://ilibrary.ru/text/11/p.172/index.html
2023-06-28 20:10:39,147 INFO OK request url: https://ilibrary.ru/text/11/p.173/index.html
2023-06-28 20:10:39,532 INFO OK request url: https://ilibrary.ru/text/11/p.174/index.html
2023-06-28 20:10:39,958 INFO OK request url: https://ilibrary.ru/text/11/p.175/index.html
2023-06-28 20:10:40,312 INFO OK request url: https://ilibrary.ru/text/11/p.176/index.html
2023-06-28 20:10:40,663 INFO OK request url: https://ilibrary.ru/text/11/p.177/index.html
2023-06-28 20:10:41,076 INFO OK request url: https://ilibrary.ru/text/11/p.178/index.html
2023-06-28 20:10:41,431 INFO OK request url: https://ilibrary.ru/text/11/p.179/index.html
2023-06-28 20:10:41,788 INFO OK request url: https://ilibrary.ru/text/11/p.180/index.html
2023-06-28 20:10:42,135 INFO OK request url: https://ilibrary.ru/text/11/p.181/index.html
2023-06-28 20:10:42,487 INFO OK request url: https://ilibrary.ru/text/11/p.182/index.html
2023-06-28 20:10:42,916 INFO OK request url: https://ilibrary.ru/text/11/p.183/index.html
2023-06-28 20:10:43,258 INFO OK request url: https://ilibrary.ru/text/11/p.184/index.html
2023-06-28 20:10:43,623 INFO OK request url: https://ilibrary.ru/text/11/p.185/index.html
2023-06-28 20:10:44,055 INFO OK request url: https://ilibrary.ru/text/11/p.186/index.html
2023-06-28 20:10:44,416 INFO OK request url: https://ilibrary.ru/text/11/p.187/index.html
2023-06-28 20:10:44,765 INFO OK request url: https://ilibrary.ru/text/11/p.188/index.html
2023-06-28 20:10:45,106 INFO OK request url: https://ilibrary.ru/text/11/p.189/index.html
2023-06-28 20:10:45,505 INFO OK request url: https://ilibrary.ru/text/11/p.190/index.html
2023-06-28 20:10:46,010 INFO OK request url: https://ilibrary.ru/text/11/p.191/index.html
2023-06-28 20:10:46,355 INFO OK request url: https://ilibrary.ru/text/11/p.192/index.html
2023-06-28 20:10:46,728 INFO OK request url: https://ilibrary.ru/text/11/p.193/index.html
2023-06-28 20:10:47,223 INFO OK request url: https://ilibrary.ru/text/11/p.194/index.html
2023-06-28 20:10:47,665 INFO OK request url: https://ilibrary.ru/text/11/p.195/index.html
2023-06-28 20:10:48,011 INFO OK request url: https://ilibrary.ru/text/11/p.196/index.html
2023-06-28 20:10:48,368 INFO OK request url: https://ilibrary.ru/text/11/p.197/index.html
2023-06-28 20:10:48,823 INFO OK request url: https://ilibrary.ru/text/11/p.198/index.html
2023-06-28 20:10:49,175 INFO OK request url: https://ilibrary.ru/text/11/p.199/index.html
2023-06-28 20:10:49,528 INFO OK request url: https://ilibrary.ru/text/11/p.200/index.html
2023-06-28 20:10:49,972 INFO OK request url: https://ilibrary.ru/text/11/p.201/index.html
2023-06-28 20:10:50,311 INFO OK request url: https://ilibrary.ru/text/11/p.202/index.html
2023-06-28 20:10:50,667 INFO OK request url: https://ilibrary.ru/text/11/p.203/index.html
2023-06-28 20:10:51,026 INFO OK request url: https://ilibrary.ru/text/11/p.204/index.html
2023-06-28 20:10:51,465 INFO OK request url: https://ilibrary.ru/text/11/p.205/index.html
2023-06-28 20:10:51,824 INFO OK request url: https://ilibrary.ru/text/11/p.206/index.html
2023-06-28 20:10:52,168 INFO OK request url: https://ilibrary.ru/text/11/p.207/index.html
2023-06-28 20:10:52,516 INFO OK request url: https://ilibrary.ru/text/11/p.208/index.html
2023-06-28 20:10:52,956 INFO OK request url: https://ilibrary.ru/text/11/p.209/index.html
2023-06-28 20:10:53,295 INFO OK request url: https://ilibrary.ru/text/11/p.210/index.html
2023-06-28 20:10:53,789 INFO OK request url: https://ilibrary.ru/text/11/p.211/index.html
2023-06-28 20:10:54,137 INFO OK request url: https://ilibrary.ru/text/11/p.212/index.html
2023-06-28 20:10:54,511 INFO OK request url: https://ilibrary.ru/text/11/p.213/index.html
2023-06-28 20:10:54,977 INFO OK request url: https://ilibrary.ru/text/11/p.214/index.html
2023-06-28 20:10:55,357 INFO OK request url: https://ilibrary.ru/text/11/p.215/index.html
2023-06-28 20:10:55,707 INFO OK request url: https://ilibrary.ru/text/11/p.216/index.html
2023-06-28 20:10:56,189 INFO OK request url: https://ilibrary.ru/text/11/p.217/index.html
2023-06-28 20:10:56,596 INFO OK request url: https://ilibrary.ru/text/11/p.218/index.html
2023-06-28 20:10:56,960 INFO OK request url: https://ilibrary.ru/text/11/p.219/index.html
2023-06-28 20:10:57,315 INFO OK request url: https://ilibrary.ru/text/11/p.220/index.html
2023-06-28 20:10:57,757 INFO OK request url: https://ilibrary.ru/text/11/p.221/index.html
2023-06-28 20:10:58,107 INFO OK request url: https://ilibrary.ru/text/11/p.222/index.html
2023-06-28 20:10:58,478 INFO OK request url: https://ilibrary.ru/text/11/p.223/index.html
2023-06-28 20:10:58,850 INFO OK request url: https://ilibrary.ru/text/11/p.224/index.html
2023-06-28 20:10:59,268 INFO OK request url: https://ilibrary.ru/text/11/p.225/index.html
2023-06-28 20:10:59,617 INFO OK request url: https://ilibrary.ru/text/11/p.226/index.html
2023-06-28 20:11:00,065 INFO OK request url: https://ilibrary.ru/text/11/p.227/index.html
2023-06-28 20:11:00,430 INFO OK request url: https://ilibrary.ru/text/11/p.228/index.html
2023-06-28 20:11:00,785 INFO OK request url: https://ilibrary.ru/text/11/p.229/index.html
2023-06-28 20:11:01,242 INFO OK request url: https://ilibrary.ru/text/11/p.230/index.html
2023-06-28 20:11:01,599 INFO OK request url: https://ilibrary.ru/text/11/p.231/index.html
2023-06-28 20:11:01,965 INFO OK request url: https://ilibrary.ru/text/11/p.232/index.html
2023-06-28 20:11:02,328 INFO OK request url: https://ilibrary.ru/text/11/p.233/index.html
2023-06-28 20:11:02,664 INFO OK request url: https://ilibrary.ru/text/11/p.234/index.html
2023-06-28 20:11:03,017 INFO OK request url: https://ilibrary.ru/text/11/p.235/index.html
2023-06-28 20:11:03,387 INFO OK request url: https://ilibrary.ru/text/11/p.236/index.html
2023-06-28 20:11:03,750 INFO OK request url: https://ilibrary.ru/text/11/p.237/index.html
2023-06-28 20:11:04,187 INFO OK request url: https://ilibrary.ru/text/11/p.238/index.html
2023-06-28 20:11:04,543 INFO OK request url: https://ilibrary.ru/text/11/p.239/index.html
2023-06-28 20:11:04,887 INFO OK request url: https://ilibrary.ru/text/11/p.240/index.html
2023-06-28 20:11:05,244 INFO OK request url: https://ilibrary.ru/text/11/p.241/index.html
2023-06-28 20:11:05,587 INFO OK request url: https://ilibrary.ru/text/11/p.242/index.html
2023-06-28 20:11:05,944 INFO OK request url: https://ilibrary.ru/text/11/p.243/index.html
2023-06-28 20:11:06,292 INFO OK request url: https://ilibrary.ru/text/11/p.244/index.html
2023-06-28 20:11:06,735 INFO OK request url: https://ilibrary.ru/text/11/p.245/index.html
2023-06-28 20:11:07,087 INFO OK request url: https://ilibrary.ru/text/11/p.246/index.html
2023-06-28 20:11:07,455 INFO OK request url: https://ilibrary.ru/text/11/p.247/index.html
2023-06-28 20:11:07,823 INFO OK request url: https://ilibrary.ru/text/11/p.248/index.html
2023-06-28 20:11:08,185 INFO OK request url: https://ilibrary.ru/text/11/p.249/index.html
2023-06-28 20:11:08,566 INFO OK request url: https://ilibrary.ru/text/11/p.250/index.html
2023-06-28 20:11:08,906 INFO OK request url: https://ilibrary.ru/text/11/p.251/index.html
2023-06-28 20:11:09,353 INFO OK request url: https://ilibrary.ru/text/11/p.252/index.html
2023-06-28 20:11:09,791 INFO OK request url: https://ilibrary.ru/text/11/p.253/index.html
2023-06-28 20:11:10,331 INFO OK request url: https://ilibrary.ru/text/11/p.254/index.html
2023-06-28 20:11:10,693 INFO OK request url: https://ilibrary.ru/text/11/p.255/index.html
2023-06-28 20:11:11,047 INFO OK request url: https://ilibrary.ru/text/11/p.256/index.html
2023-06-28 20:11:11,396 INFO OK request url: https://ilibrary.ru/text/11/p.257/index.html
2023-06-28 20:11:11,785 INFO OK request url: https://ilibrary.ru/text/11/p.258/index.html
2023-06-28 20:11:12,135 INFO OK request url: https://ilibrary.ru/text/11/p.259/index.html
2023-06-28 20:11:12,493 INFO OK request url: https://ilibrary.ru/text/11/p.260/index.html
2023-06-28 20:11:12,856 INFO OK request url: https://ilibrary.ru/text/11/p.261/index.html
2023-06-28 20:11:13,213 INFO OK request url: https://ilibrary.ru/text/11/p.262/index.html
2023-06-28 20:11:13,555 INFO OK request url: https://ilibrary.ru/text/11/p.263/index.html
2023-06-28 20:11:14,007 INFO OK request url: https://ilibrary.ru/text/11/p.264/index.html
2023-06-28 20:11:14,998 INFO OK request url: https://ilibrary.ru/text/11/p.265/index.html
2023-06-28 20:11:15,971 INFO OK request url: https://ilibrary.ru/text/11/p.266/index.html
2023-06-28 20:11:16,680 INFO OK request url: https://ilibrary.ru/text/11/p.267/index.html
2023-06-28 20:11:17,289 INFO OK request url: https://ilibrary.ru/text/11/p.268/index.html
2023-06-28 20:11:18,033 INFO OK request url: https://ilibrary.ru/text/11/p.269/index.html
2023-06-28 20:11:18,605 INFO OK request url: https://ilibrary.ru/text/11/p.270/index.html
2023-06-28 20:11:19,213 INFO OK request url: https://ilibrary.ru/text/11/p.271/index.html
2023-06-28 20:11:19,828 INFO OK request url: https://ilibrary.ru/text/11/p.272/index.html
2023-06-28 20:11:20,560 INFO OK request url: https://ilibrary.ru/text/11/p.273/index.html
2023-06-28 20:11:21,489 INFO OK request url: https://ilibrary.ru/text/11/p.274/index.html
2023-06-28 20:11:22,534 INFO OK request url: https://ilibrary.ru/text/11/p.275/index.html
2023-06-28 20:11:23,001 INFO OK request url: https://ilibrary.ru/text/11/p.276/index.html
2023-06-28 20:11:23,568 INFO OK request url: https://ilibrary.ru/text/11/p.277/index.html
2023-06-28 20:11:24,200 INFO OK request url: https://ilibrary.ru/text/11/p.278/index.html
2023-06-28 20:11:24,789 INFO OK request url: https://ilibrary.ru/text/11/p.279/index.html
2023-06-28 20:11:25,478 INFO OK request url: https://ilibrary.ru/text/11/p.280/index.html
2023-06-28 20:11:26,044 INFO OK request url: https://ilibrary.ru/text/11/p.281/index.html
2023-06-28 20:11:26,788 INFO OK request url: https://ilibrary.ru/text/11/p.282/index.html
2023-06-28 20:11:27,347 INFO OK request url: https://ilibrary.ru/text/11/p.283/index.html
2023-06-28 20:11:27,988 INFO OK request url: https://ilibrary.ru/text/11/p.284/index.html
2023-06-28 20:11:28,760 INFO OK request url: https://ilibrary.ru/text/11/p.285/index.html
2023-06-28 20:11:29,583 INFO OK request url: https://ilibrary.ru/text/11/p.286/index.html
2023-06-28 20:11:30,999 INFO OK request url: https://ilibrary.ru/text/11/p.287/index.html
2023-06-28 20:11:32,456 INFO OK request url: https://ilibrary.ru/text/11/p.288/index.html
2023-06-28 20:11:33,085 INFO OK request url: https://ilibrary.ru/text/11/p.289/index.html
2023-06-28 20:11:33,748 INFO OK request url: https://ilibrary.ru/text/11/p.290/index.html
2023-06-28 20:11:34,436 INFO OK request url: https://ilibrary.ru/text/11/p.291/index.html
2023-06-28 20:11:35,249 INFO OK request url: https://ilibrary.ru/text/11/p.292/index.html
2023-06-28 20:11:35,883 INFO OK request url: https://ilibrary.ru/text/11/p.293/index.html
2023-06-28 20:11:36,441 INFO OK request url: https://ilibrary.ru/text/11/p.294/index.html
2023-06-28 20:11:36,946 INFO OK request url: https://ilibrary.ru/text/11/p.295/index.html
2023-06-28 20:11:37,623 INFO OK request url: https://ilibrary.ru/text/11/p.296/index.html
2023-06-28 20:11:38,134 INFO OK request url: https://ilibrary.ru/text/11/p.297/index.html
2023-06-28 20:11:38,833 INFO OK request url: https://ilibrary.ru/text/11/p.298/index.html
2023-06-28 20:11:39,891 INFO OK request url: https://ilibrary.ru/text/11/p.299/index.html
2023-06-28 20:11:40,788 INFO OK request url: https://ilibrary.ru/text/11/p.300/index.html
2023-06-28 20:11:41,587 INFO OK request url: https://ilibrary.ru/text/11/p.301/index.html
2023-06-28 20:11:42,189 INFO OK request url: https://ilibrary.ru/text/11/p.302/index.html
2023-06-28 20:11:42,840 INFO OK request url: https://ilibrary.ru/text/11/p.303/index.html
2023-06-28 20:11:43,476 INFO OK request url: https://ilibrary.ru/text/11/p.304/index.html
2023-06-28 20:11:44,039 INFO OK request url: https://ilibrary.ru/text/11/p.305/index.html
2023-06-28 20:11:44,713 INFO OK request url: https://ilibrary.ru/text/11/p.306/index.html
2023-06-28 20:11:45,378 INFO OK request url: https://ilibrary.ru/text/11/p.307/index.html
2023-06-28 20:11:46,362 INFO OK request url: https://ilibrary.ru/text/11/p.308/index.html
2023-06-28 20:11:47,466 INFO OK request url: https://ilibrary.ru/text/11/p.309/index.html
2023-06-28 20:11:48,713 INFO OK request url: https://ilibrary.ru/text/11/p.310/index.html
2023-06-28 20:11:50,014 INFO OK request url: https://ilibrary.ru/text/11/p.311/index.html
2023-06-28 20:11:50,651 INFO OK request url: https://ilibrary.ru/text/11/p.312/index.html
2023-06-28 20:11:51,735 INFO OK request url: https://ilibrary.ru/text/11/p.313/index.html
2023-06-28 20:11:52,585 INFO OK request url: https://ilibrary.ru/text/11/p.314/index.html
2023-06-28 20:11:53,457 INFO OK request url: https://ilibrary.ru/text/11/p.315/index.html
2023-06-28 20:11:54,018 INFO OK request url: https://ilibrary.ru/text/11/p.316/index.html
2023-06-28 20:11:54,631 INFO OK request url: https://ilibrary.ru/text/11/p.317/index.html
2023-06-28 20:11:55,290 INFO OK request url: https://ilibrary.ru/text/11/p.318/index.html
2023-06-28 20:11:55,875 INFO OK request url: https://ilibrary.ru/text/11/p.319/index.html
2023-06-28 20:11:56,388 INFO OK request url: https://ilibrary.ru/text/11/p.320/index.html
2023-06-28 20:11:57,402 INFO OK request url: https://ilibrary.ru/text/11/p.321/index.html
2023-06-28 20:11:58,590 INFO OK request url: https://ilibrary.ru/text/11/p.322/index.html
2023-06-28 20:11:59,850 INFO OK request url: https://ilibrary.ru/text/11/p.323/index.html
2023-06-28 20:12:00,671 INFO OK request url: https://ilibrary.ru/text/11/p.324/index.html
2023-06-28 20:12:01,220 INFO OK request url: https://ilibrary.ru/text/11/p.325/index.html
2023-06-28 20:12:01,801 INFO OK request url: https://ilibrary.ru/text/11/p.326/index.html
2023-06-28 20:12:02,395 INFO OK request url: https://ilibrary.ru/text/11/p.327/index.html
2023-06-28 20:12:03,203 INFO OK request url: https://ilibrary.ru/text/11/p.328/index.html
2023-06-28 20:12:03,872 INFO OK request url: https://ilibrary.ru/text/11/p.329/index.html
2023-06-28 20:12:04,598 INFO OK request url: https://ilibrary.ru/text/11/p.330/index.html
2023-06-28 20:12:05,058 INFO OK request url: https://ilibrary.ru/text/11/p.331/index.html
2023-06-28 20:12:05,946 INFO OK request url: https://ilibrary.ru/text/11/p.332/index.html
2023-06-28 20:12:06,756 INFO OK request url: https://ilibrary.ru/text/11/p.333/index.html
2023-06-28 20:12:07,425 INFO OK request url: https://ilibrary.ru/text/11/p.334/index.html
2023-06-28 20:12:08,264 INFO OK request url: https://ilibrary.ru/text/11/p.335/index.html
2023-06-28 20:12:08,979 INFO OK request url: https://ilibrary.ru/text/11/p.336/index.html
2023-06-28 20:12:09,801 INFO OK request url: https://ilibrary.ru/text/11/p.337/index.html
2023-06-28 20:12:10,386 INFO OK request url: https://ilibrary.ru/text/11/p.338/index.html
2023-06-28 20:12:10,789 INFO OK request url: https://ilibrary.ru/text/11/p.339/index.html
2023-06-28 20:12:11,383 INFO OK request url: https://ilibrary.ru/text/11/p.340/index.html
2023-06-28 20:12:11,897 INFO OK request url: https://ilibrary.ru/text/11/p.341/index.html
2023-06-28 20:12:12,487 INFO OK request url: https://ilibrary.ru/text/11/p.342/index.html
2023-06-28 20:12:13,177 INFO OK request url: https://ilibrary.ru/text/11/p.343/index.html
2023-06-28 20:12:13,696 INFO OK request url: https://ilibrary.ru/text/11/p.344/index.html
2023-06-28 20:12:14,259 INFO OK request url: https://ilibrary.ru/text/11/p.345/index.html
2023-06-28 20:12:14,826 INFO OK request url: https://ilibrary.ru/text/11/p.346/index.html
2023-06-28 20:12:15,993 INFO OK request url: https://ilibrary.ru/text/11/p.347/index.html
2023-06-28 20:12:16,662 INFO OK request url: https://ilibrary.ru/text/11/p.348/index.html
2023-06-28 20:12:17,317 INFO OK request url: https://ilibrary.ru/text/11/p.349/index.html
2023-06-28 20:12:17,995 INFO OK request url: https://ilibrary.ru/text/11/p.350/index.html
2023-06-28 20:12:18,545 INFO OK request url: https://ilibrary.ru/text/11/p.351/index.html
2023-06-28 20:12:19,634 INFO OK request url: https://ilibrary.ru/text/11/p.352/index.html
2023-06-28 20:12:20,141 INFO OK request url: https://ilibrary.ru/text/11/p.353/index.html
2023-06-28 20:12:20,991 INFO OK request url: https://ilibrary.ru/text/11/p.354/index.html
2023-06-28 20:12:21,729 INFO OK request url: https://ilibrary.ru/text/11/p.355/index.html
2023-06-28 20:12:22,443 INFO OK request url: https://ilibrary.ru/text/11/p.356/index.html
2023-06-28 20:12:23,135 INFO OK request url: https://ilibrary.ru/text/11/p.357/index.html
2023-06-28 20:12:24,472 INFO OK request url: https://ilibrary.ru/text/11/p.358/index.html
2023-06-28 20:12:25,253 INFO OK request url: https://ilibrary.ru/text/11/p.359/index.html
2023-06-28 20:12:26,458 INFO OK request url: https://ilibrary.ru/text/11/p.360/index.html
2023-06-28 20:12:27,269 INFO OK request url: https://ilibrary.ru/text/11/p.361/index.html
2023-06-28 20:12:28,302 INFO Invalid url: https://ilibrary.ru/text/11/p.362/index.html
2023-06-28 20:12:28,302 INFO File saved successfully
2023-06-28 20:12:28,357 WARNING Stopped from user
